<?xml version="1.0" encoding="UTF-8"?>
<!-- Generated by org.testng.reporters.JUnitReportReporter -->
<testsuite skipped="0" hostname="amit" name="runner.RunTest" tests="1" failures="0" timestamp="07 Oct 2018 05:48:17 GMT" time="88.495" errors="0">
  <testcase name="feature" time="88.495" classname="runner.RunTest"/>
</testsuite> <!-- runner.RunTest -->
